#
# There is insufficient memory for the Java Runtime Environment to continue.
# Native memory allocation (malloc) failed to allocate 319376 bytes for Chunk::new
# Possible reasons:
#   The system is out of physical RAM or swap space
#   The process is running with CompressedOops enabled, and the Java Heap may be blocking the growth of the native heap
# Possible solutions:
#   Reduce memory load on the system
#   Increase physical memory or swap space
#   Check if swap backing store is full
#   Decrease Java heap size (-Xmx/-Xms)
#   Decrease number of Java threads
#   Decrease Java thread stack sizes (-Xss)
#   Set larger code cache with -XX:ReservedCodeCacheSize=
#   JVM is running with Zero Based Compressed Oops mode in which the Java heap is
#     placed in the first 32GB address space. The Java Heap base address is the
#     maximum limit for the native heap growth. Please use -XX:HeapBaseMinAddress
#     to set the Java Heap base and to place the Java Heap above 32GB virtual address.
# This output file may be truncated or incomplete.
#
#  Out of Memory Error (allocation.cpp:389), pid=1828, tid=0x0000000000004bc8
#
# JRE version: Java(TM) SE Runtime Environment (8.0_351-b10) (build 1.8.0_351-b10)
# Java VM: Java HotSpot(TM) 64-Bit Server VM (25.351-b10 mixed mode windows-amd64 compressed oops)
# Failed to write core dump. Minidumps are not enabled by default on client versions of Windows
#

---------------  T H R E A D  ---------------

Current thread (0x00000215f0daa000):  JavaThread "C2 CompilerThread2" daemon [_thread_in_native, id=19400, stack(0x000000a999100000,0x000000a999200000)]

Stack: [0x000000a999100000,0x000000a999200000]
Native frames: (J=compiled Java code, j=interpreted, Vv=VM code, C=native code)
V  [jvm.dll+0x3300b9]


Current CompileTask:
C2:   1691  965   !   4       java.net.URL::<init> (543 bytes)


---------------  P R O C E S S  ---------------

Java Threads: ( => current thread )
  0x00000215f367e800 JavaThread "com.google.inject.internal.util.$Finalizer" daemon [_thread_blocked, id=20876, stack(0x000000a999500000,0x000000a999600000)]
  0x00000215f326e000 JavaThread "Service Thread" daemon [_thread_blocked, id=2900, stack(0x000000a999300000,0x000000a999400000)]
  0x00000215f3265000 JavaThread "C1 CompilerThread3" daemon [_thread_blocked, id=18576, stack(0x000000a999200000,0x000000a999300000)]
=>0x00000215f0daa000 JavaThread "C2 CompilerThread2" daemon [_thread_in_native, id=19400, stack(0x000000a999100000,0x000000a999200000)]
  0x00000215f0da4800 JavaThread "C2 CompilerThread1" daemon [_thread_blocked, id=13744, stack(0x000000a999000000,0x000000a999100000)]
  0x00000215f0da0800 JavaThread "C2 CompilerThread0" daemon [_thread_blocked, id=23844, stack(0x000000a998f00000,0x000000a999000000)]
  0x00000215f0d9f000 JavaThread "Attach Listener" daemon [_thread_blocked, id=24732, stack(0x000000a998e00000,0x000000a998f00000)]
  0x00000215f0d9d800 JavaThread "Signal Dispatcher" daemon [_thread_blocked, id=18088, stack(0x000000a998d00000,0x000000a998e00000)]
  0x00000215f0d7d800 JavaThread "Finalizer" daemon [_thread_blocked, id=22092, stack(0x000000a998c00000,0x000000a998d00000)]
  0x00000215f0d56800 JavaThread "Reference Handler" daemon [_thread_blocked, id=13532, stack(0x000000a998b00000,0x000000a998c00000)]
  0x00000215cc9c6800 JavaThread "main" [_thread_blocked, id=11920, stack(0x000000a997f00000,0x000000a998000000)]

Other Threads:
  0x00000215f0d4f800 VMThread [stack: 0x000000a998a00000,0x000000a998b00000] [id=3124]
  0x00000215f3275800 WatcherThread [stack: 0x000000a999400000,0x000000a999500000] [id=5168]

VM state:at safepoint (normal execution)

VM Mutex/Monitor currently owned by a thread:  ([mutex/lock_event])
[0x00000215cc9c2170] Threads_lock - owner thread: 0x00000215f0d4f800
[0x00000215cc9c4380] Heap_lock - owner thread: 0x00000215cc9c6800

heap address: 0x00000005c0c00000, size: 8180 MB, Compressed Oops mode: Zero based, Oop shift amount: 3
Narrow klass base: 0x0000000000000000, Narrow klass shift: 3
Compressed class space size: 1073741824 Address: 0x00000007c0000000

Heap:
 PSYoungGen      total 153088K, used 52637K [0x0000000715980000, 0x0000000720400000, 0x00000007c0000000)
  eden space 131584K, 40% used [0x0000000715980000,0x0000000718ce7530,0x000000071da00000)
  from space 21504K, 0% used [0x000000071ef00000,0x000000071ef00000,0x0000000720400000)
  to   space 21504K, 20% used [0x000000071da00000,0x000000071de68f60,0x000000071ef00000)
 ParOldGen       total 349696K, used 16K [0x00000005c0c00000, 0x00000005d6180000, 0x0000000715980000)
  object space 349696K, 0% used [0x00000005c0c00000,0x00000005c0c04000,0x00000005d6180000)
 Metaspace       used 14885K, capacity 14944K, committed 15104K, reserved 1067008K
  class space    used 1951K, capacity 1981K, committed 2048K, reserved 1048576K

Card table byte_map: [0x00000215dd890000,0x00000215de890000] byte_map_base: 0x00000215daa8a000

Marking Bits: (ParMarkBitMap*) 0x0000000060788fd0
 Begin Bits: [0x00000215df340000, 0x00000215e7310000)
 End Bits:   [0x00000215e7310000, 0x00000215ef2e0000)

Polling page: 0x00000215ccbf0000

CodeCache: size=245760Kb used=3708Kb max_used=3723Kb free=242051Kb
 bounds [0x00000215ce4d0000, 0x00000215ce880000, 0x00000215dd4d0000]
 total_blobs=1379 nmethods=996 adapters=296
 compilation: enabled

Compilation events (10 events):
Event: 1.686 Thread 0x00000215f3265000  994       3       sun.reflect.AccessorGenerator::sub (5 bytes)
Event: 1.686 Thread 0x00000215f3265000 nmethod 994 0x00000215ce86dfd0 code [0x00000215ce86e120, 0x00000215ce86e278]
Event: 1.686 Thread 0x00000215f3265000  996       3       java.nio.ByteBuffer::wrap (8 bytes)
Event: 1.686 Thread 0x00000215f3265000 nmethod 996 0x00000215ce86e310 code [0x00000215ce86e4a0, 0x00000215ce86e860]
Event: 1.686 Thread 0x00000215f0da4800 nmethod 995 0x00000215ce871810 code [0x00000215ce871960, 0x00000215ce871a88]
Event: 1.686 Thread 0x00000215f3265000  997       3       java.lang.Class::getAnnotation (22 bytes)
Event: 1.687 Thread 0x00000215f3265000 nmethod 997 0x00000215ce870fd0 code [0x00000215ce871180, 0x00000215ce871630]
Event: 1.687 Thread 0x00000215f0da0800 nmethod 972 0x00000215ce874350 code [0x00000215ce874560, 0x00000215ce875548]
Event: 1.688 Thread 0x00000215f0da4800  998   !   4       java.util.WeakHashMap::expungeStaleEntries (139 bytes)
Event: 1.688 Thread 0x00000215f0da4800 nmethod 998 0x00000215ce872910 code [0x00000215ce872a40, 0x00000215ce872ad8]

GC Heap History (0 events):
No events

Deoptimization events (10 events):
Event: 1.290 Thread 0x00000215cc9c6800 Uncommon trap: reason=unstable_if action=reinterpret pc=0x00000215ce6b1398 method=sun.misc.URLClassPath.getLoader(I)Lsun/misc/URLClassPath$Loader; @ 36
Event: 1.290 Thread 0x00000215cc9c6800 Uncommon trap: reason=unstable_if action=reinterpret pc=0x00000215ce68e74c method=sun.misc.MetaIndex.mayContain(Ljava/lang/String;)Z @ 13
Event: 1.362 Thread 0x00000215cc9c6800 Uncommon trap: reason=unstable_if action=reinterpret pc=0x00000215ce74ae90 method=java.lang.CharacterDataLatin1.toUpperCase(I)I @ 12
Event: 1.597 Thread 0x00000215cc9c6800 Uncommon trap: reason=unstable_if action=reinterpret pc=0x00000215ce744a28 method=java.util.HashMap.hash(Ljava/lang/Object;)I @ 1
Event: 1.597 Thread 0x00000215cc9c6800 Uncommon trap: reason=unstable_if action=reinterpret pc=0x00000215ce7f4618 method=java.util.HashMap.hash(Ljava/lang/Object;)I @ 1
Event: 1.597 Thread 0x00000215cc9c6800 Uncommon trap: reason=unstable_if action=reinterpret pc=0x00000215ce6e2e28 method=java.util.HashMap.hash(Ljava/lang/Object;)I @ 1
Event: 1.641 Thread 0x00000215cc9c6800 Uncommon trap: reason=unstable_if action=reinterpret pc=0x00000215ce805fa0 method=sun.misc.MetaIndex.mayContain(Ljava/lang/String;)Z @ 38
Event: 1.642 Thread 0x00000215cc9c6800 Uncommon trap: reason=unstable_if action=reinterpret pc=0x00000215ce801550 method=sun.misc.MetaIndex.mayContain(Ljava/lang/String;)Z @ 38
Event: 1.673 Thread 0x00000215cc9c6800 Uncommon trap: reason=unstable_if action=reinterpret pc=0x00000215ce81411c method=java.lang.String.regionMatches(ZILjava/lang/String;II)Z @ 123
Event: 1.677 Thread 0x00000215cc9c6800 Uncommon trap: reason=unstable_if action=reinterpret pc=0x00000215ce812f64 method=java.lang.String.regionMatches(ZILjava/lang/String;II)Z @ 123

Classes redefined (0 events):
No events

Internal exceptions (9 events):
Event: 0.673 Thread 0x00000215cc9c6800 Exception <a 'java/lang/NoSuchMethodError': Method sun.misc.Unsafe.defineClass(Ljava/lang/String;[BII)Ljava/lang/Class; name or signature does not match> (0x0000000715987ce0) thrown at [C:\jenkins\workspace\8-2-build-windows-x64-cygwin\jdk8u351\2908\hotsp
Event: 0.673 Thread 0x00000215cc9c6800 Exception <a 'java/lang/NoSuchMethodError': Method sun.misc.Unsafe.prefetchRead(Ljava/lang/Object;J)V name or signature does not match> (0x0000000715987fc8) thrown at [C:\jenkins\workspace\8-2-build-windows-x64-cygwin\jdk8u351\2908\hotspot\src\share\vm\pr
Event: 0.739 Thread 0x00000215cc9c6800 Exception <a 'java/security/PrivilegedActionException'> (0x00000007159e5ea8) thrown at [C:\jenkins\workspace\8-2-build-windows-x64-cygwin\jdk8u351\2908\hotspot\src\share\vm\prims\jvm.cpp, line 1513]
Event: 0.739 Thread 0x00000215cc9c6800 Exception <a 'java/security/PrivilegedActionException'> (0x00000007159e60b8) thrown at [C:\jenkins\workspace\8-2-build-windows-x64-cygwin\jdk8u351\2908\hotspot\src\share\vm\prims\jvm.cpp, line 1513]
Event: 1.291 Thread 0x00000215cc9c6800 Exception <a 'java/security/PrivilegedActionException'> (0x00000007170a46c8) thrown at [C:\jenkins\workspace\8-2-build-windows-x64-cygwin\jdk8u351\2908\hotspot\src\share\vm\prims\jvm.cpp, line 1513]
Event: 1.291 Thread 0x00000215cc9c6800 Exception <a 'java/security/PrivilegedActionException'> (0x00000007170a4ca8) thrown at [C:\jenkins\workspace\8-2-build-windows-x64-cygwin\jdk8u351\2908\hotspot\src\share\vm\prims\jvm.cpp, line 1513]
Event: 1.597 Thread 0x00000215cc9c6800 Implicit null exception at 0x00000215ce744815 to 0x00000215ce744a19
Event: 1.597 Thread 0x00000215cc9c6800 Implicit null exception at 0x00000215ce7f3f3b to 0x00000215ce7f4605
Event: 1.597 Thread 0x00000215cc9c6800 Implicit null exception at 0x00000215ce6e2daf to 0x00000215ce6e2e19

Events (10 events):
Event: 1.687 loading class java/beans/PropertyChangeEvent done
Event: 1.688 loading class org/apache/logging/log4j/core/jmx/Server
Event: 1.688 loading class org/apache/logging/log4j/core/jmx/Server done
Event: 1.688 loading class javax/management/InstanceNotFoundException
Event: 1.688 loading class javax/management/OperationsException
Event: 1.688 loading class javax/management/JMException
Event: 1.688 loading class javax/management/JMException done
Event: 1.688 loading class javax/management/OperationsException done
Event: 1.688 loading class javax/management/InstanceNotFoundException done
Event: 1.688 loading class javax/management/MBeanServerFactory


Dynamic libraries:
0x00007ff757000000 - 0x00007ff757047000 	C:\Program Files (x86)\Common Files\Oracle\Java\javapath\java.exe
0x00007ffdf5110000 - 0x00007ffdf5308000 	C:\WINDOWS\SYSTEM32\ntdll.dll
0x00007ffdf3910000 - 0x00007ffdf39cd000 	C:\WINDOWS\System32\KERNEL32.DLL
0x00007ffdf2ab0000 - 0x00007ffdf2da6000 	C:\WINDOWS\System32\KERNELBASE.dll
0x00007ffdf39d0000 - 0x00007ffdf3a80000 	C:\WINDOWS\System32\ADVAPI32.dll
0x00007ffdf3bb0000 - 0x00007ffdf3c4e000 	C:\WINDOWS\System32\msvcrt.dll
0x00007ffdf4fe0000 - 0x00007ffdf5080000 	C:\WINDOWS\System32\sechost.dll
0x00007ffdf4970000 - 0x00007ffdf4a93000 	C:\WINDOWS\System32\RPCRT4.dll
0x00007ffdf27f0000 - 0x00007ffdf2817000 	C:\WINDOWS\System32\bcrypt.dll
0x00007ffdf4c80000 - 0x00007ffdf4e1f000 	C:\WINDOWS\System32\USER32.dll
0x00007ffdf27c0000 - 0x00007ffdf27e2000 	C:\WINDOWS\System32\win32u.dll
0x00007ffdf50a0000 - 0x00007ffdf50cb000 	C:\WINDOWS\System32\GDI32.dll
0x00007ffdf3020000 - 0x00007ffdf3137000 	C:\WINDOWS\System32\gdi32full.dll
0x00007ffdf2f80000 - 0x00007ffdf301d000 	C:\WINDOWS\System32\msvcp_win.dll
0x00007ffdf2820000 - 0x00007ffdf2920000 	C:\WINDOWS\System32\ucrtbase.dll
0x00007ffdd8e20000 - 0x00007ffdd90ba000 	C:\WINDOWS\WinSxS\amd64_microsoft.windows.common-controls_6595b64144ccf1df_6.0.19041.3636_none_60b6a03d71f818d5\COMCTL32.dll
0x00007ffdf3290000 - 0x00007ffdf32c2000 	C:\WINDOWS\System32\IMM32.DLL
0x00007ffd8f3b0000 - 0x00007ffd8f3c5000 	C:\Program Files\Java\jre1.8.0_351\bin\vcruntime140.dll
0x00007ffd8f310000 - 0x00007ffd8f3ab000 	C:\Program Files\Java\jre1.8.0_351\bin\msvcp140.dll
0x000000005ffa0000 - 0x0000000060801000 	C:\Program Files\Java\jre1.8.0_351\bin\server\jvm.dll
0x00007ffdf4fd0000 - 0x00007ffdf4fd8000 	C:\WINDOWS\System32\PSAPI.DLL
0x00007ffde7210000 - 0x00007ffde7237000 	C:\WINDOWS\SYSTEM32\WINMM.dll
0x00007ffdccb10000 - 0x00007ffdccb19000 	C:\WINDOWS\SYSTEM32\WSOCK32.dll
0x00007ffdebba0000 - 0x00007ffdebbaa000 	C:\WINDOWS\SYSTEM32\VERSION.dll
0x00007ffdf4aa0000 - 0x00007ffdf4b0b000 	C:\WINDOWS\System32\WS2_32.dll
0x00007ffdf1000000 - 0x00007ffdf1012000 	C:\WINDOWS\SYSTEM32\kernel.appcore.dll
0x00007ffdca8f0000 - 0x00007ffdca900000 	C:\Program Files\Java\jre1.8.0_351\bin\verify.dll
0x00007ffd8f2e0000 - 0x00007ffd8f30b000 	C:\Program Files\Java\jre1.8.0_351\bin\java.dll
0x00007ffd8f2c0000 - 0x00007ffd8f2d8000 	C:\Program Files\Java\jre1.8.0_351\bin\zip.dll
0x00007ffdf3d70000 - 0x00007ffdf44db000 	C:\WINDOWS\System32\SHELL32.dll
0x00007ffdf04d0000 - 0x00007ffdf0c6e000 	C:\WINDOWS\SYSTEM32\windows.storage.dll
0x00007ffdf44e0000 - 0x00007ffdf4833000 	C:\WINDOWS\System32\combase.dll
0x00007ffdf2120000 - 0x00007ffdf214e000 	C:\WINDOWS\SYSTEM32\Wldp.dll
0x00007ffdf31c0000 - 0x00007ffdf328d000 	C:\WINDOWS\System32\OLEAUT32.dll
0x00007ffdf3860000 - 0x00007ffdf390d000 	C:\WINDOWS\System32\SHCORE.dll
0x00007ffdf4840000 - 0x00007ffdf4895000 	C:\WINDOWS\System32\shlwapi.dll
0x00007ffdf26f0000 - 0x00007ffdf2713000 	C:\WINDOWS\SYSTEM32\profapi.dll
0x00007ffdbe180000 - 0x00007ffdbe19c000 	C:\Program Files\Java\jre1.8.0_351\bin\net.dll
0x00007ffdf1e80000 - 0x00007ffdf1eea000 	C:\WINDOWS\system32\mswsock.dll
0x00007ffdb64a0000 - 0x00007ffdb64b3000 	C:\Program Files\Java\jre1.8.0_351\bin\nio.dll
0x00007ffddd6c0000 - 0x00007ffddd6cd000 	C:\Program Files\Java\jre1.8.0_351\bin\management.dll
0x00007ffdd2920000 - 0x00007ffdd293b000 	C:\WINDOWS\system32\pnrpnsp.dll
0x00007ffdede90000 - 0x00007ffdedead000 	C:\WINDOWS\system32\NLAapi.dll
0x00007ffdf1b60000 - 0x00007ffdf1b9b000 	C:\WINDOWS\SYSTEM32\IPHLPAPI.DLL
0x00007ffdcb690000 - 0x00007ffdcb6a5000 	C:\WINDOWS\system32\wshbth.dll
0x00007ffdf1ba0000 - 0x00007ffdf1c6b000 	C:\WINDOWS\SYSTEM32\DNSAPI.dll
0x00007ffdf48a0000 - 0x00007ffdf48a8000 	C:\WINDOWS\System32\NSI.dll
0x00007ffdd5830000 - 0x00007ffdd5842000 	C:\WINDOWS\System32\winrnr.dll
0x00007ffdeb910000 - 0x00007ffdeb91a000 	C:\Windows\System32\rasadhlp.dll
0x00007ffdead80000 - 0x00007ffdeae00000 	C:\WINDOWS\System32\fwpuclnt.dll

VM Arguments:
jvm_args: -Dapp.name=browsermob-proxy -Dapp.repo=D:\school\TrafficDetection\venv\browsermob-proxy\browsermob-proxy-2.1.4\bin\\..\lib -Dbasedir=D:\school\TrafficDetection\venv\browsermob-proxy\browsermob-proxy-2.1.4\bin\\.. 
java_command: net.lightbody.bmp.proxy.Main --port=8080
java_class_path (initial): ;D:\school\TrafficDetection\venv\browsermob-proxy\browsermob-proxy-2.1.4\bin\\..\etc;D:\school\TrafficDetection\venv\browsermob-proxy\browsermob-proxy-2.1.4\bin\\..\lib\browsermob-dist-2.1.4.jar
Launcher Type: SUN_STANDARD

Environment Variables:
CLASSPATH="D:\school\TrafficDetection\venv\browsermob-proxy\browsermob-proxy-2.1.4\bin\\.."\etc;"D:\school\TrafficDetection\venv\browsermob-proxy\browsermob-proxy-2.1.4\bin\\..\lib"\*
PATH=D:\school\TrafficDetection\venv\TrafficDetection\lib\site-packages\cv2\../../x64/vc14/bin;D:\school\TrafficDetection\venv\TrafficDetection\lib\site-packages\pywin32_system32;C:\Program Files\NVIDIA GPU Computing Toolkit\CUDA\v11.3\bin;C:\Program Files\NVIDIA GPU Computing Toolkit\CUDA\v11.3\libnvvp;;C:\Program Files (x86)\Common Files\Oracle\Java\javapath;C:\WINDOWS\system32;C:\WINDOWS;C:\WINDOWS\System32\Wbem;C:\WINDOWS\System32\WindowsPowerShell\v1.0\;C:\WINDOWS\System32\OpenSSH\;C:\Program Files\NVIDIA Corporation\NVIDIA NvDLISR;C:\Program Files (x86)\NVIDIA Corporation\PhysX\Common;C:\Program Files\CMake\bin;C:\Program Files\Microsoft SQL Server\150\Tools\Binn\;C:\Program Files\Microsoft SQL Server\Client SDK\ODBC\170\Tools\Binn\;C:\Program Files\dotnet\;C:\Program Files (x86)\Windows Kits\10\Windows Performance Toolkit\;D:\Software HDD\Git\cmd;C:\Users\Isaac\OneDrive\Overwolf\0.184.0.35\obs\bin\64bit;D:\ffmpeg-master-latest-win64-gpl\bin;C:\ffmpeg;C:\Program Files\NVIDIA GPU Computing Toolkit\CUDA\v12.4\bin;C:\Program Files\NVIDIA Corporation\Nsight Compute 2021.1.0\;C:\Users\Isaac\AppData\Local\Microsoft\WindowsApps;C:\Users\Isaac\.dotnet\tools;C:\Users\Isaac\AppData\Local\GitHubDesktop\bin;D:\Software HDD\Git\bin\git.exe;C:\ffmpeg;C:\Users\Isaac\AppData\Local\Programs\Microsoft VS Code\bin;;D:\school\TrafficDetection\venv\TrafficDetection\lib\site-packages\numpy\.libs;D:\school\TrafficDetection\venv\TrafficDetection\lib\site-packages\scipy\.libs
USERNAME=Isaac
OS=Windows_NT
PROCESSOR_IDENTIFIER=AMD64 Family 23 Model 1 Stepping 1, AuthenticAMD



---------------  S Y S T E M  ---------------

OS: Windows 10 , 64 bit Build 19041 (10.0.19041.3636)

CPU:total 12 (initial active 12) (12 cores per cpu, 1 threads per core) family 23 model 1 stepping 1, cmov, cx8, fxsr, mmx, sse, sse2, sse3, ssse3, sse4.1, sse4.2, popcnt, avx, avx2, aes, clmul, mmxext, 3dnowpref, lzcnt, sse4a, tsc, tscinvbit, tscinv, bmi1

Memory: 4k page, physical 33503484k(17744752k free), swap 64758648k(2260k free)

vm_info: Java HotSpot(TM) 64-Bit Server VM (25.351-b10) for windows-amd64 JRE (1.8.0_351-b10), built on Sep 15 2022 02:58:06 by "java_re" with MS VC++ 15.9 (VS2017)

time: Thu May  2 08:03:31 2024
timezone: W. Europe Summer Time
elapsed time: 1.696019 seconds (0d 0h 0m 1s)

